<?xml version="1.0" encoding="UTF-8"?>
<!-- Generated by org.testng.reporters.JUnitXMLReporter -->
<testsuite ignored="0" hostname="SHARP" failures="0" tests="5" name="Default test" time="8.885" errors="0" timestamp="2024-10-02T16:36:52 IST">
  <testcase classname="post_hook_Api_Testing.Post_Hook_API_Testing" name="schedule" time="4.029"/>
  <testcase classname="post_hook_Api_Testing.Post_Hook_API_Testing" name="getHooks" time="1.125"/>
  <testcase classname="post_hook_Api_Testing.Post_Hook_API_Testing" name="getHookBy_ID" time="0.974"/>
  <testcase classname="post_hook_Api_Testing.Post_Hook_API_Testing" name="updateHook" time="0.884"/>
  <testcase classname="post_hook_Api_Testing.Post_Hook_API_Testing" name="deleteHook" time="0.924"/>
</testsuite> <!-- Default test -->
